[1] "------"
[1] "code start 2020-07-01 21:00:01"

Attaching package: ‘dplyr’

The following objects are masked from ‘package:stats’:

    filter, lag

The following objects are masked from ‘package:base’:

    intersect, setdiff, setequal, union

    dplyr   stringr     rvest RSelenium      httr     tidyr       DBI    RMySQL 
     TRUE      TRUE      TRUE      TRUE      TRUE      TRUE      TRUE      TRUE 
   gtools 
     TRUE 
[[1]]
NULL

[[2]]
NULL

[[3]]
NULL

[[4]]
NULL

[[5]]
NULL

[[6]]
NULL

[[7]]
NULL

[[8]]
NULL

[[9]]
NULL

[[10]]
NULL

[[11]]
NULL

[[12]]
NULL

[[1]]
NULL

[[2]]
NULL

[[3]]
NULL

[1] "code finish on 2020-07-01 21:00:50"
[1] "------"
[1] "code start 2020-07-04 19:30:01"

Attaching package: ‘dplyr’

The following objects are masked from ‘package:stats’:

    filter, lag

The following objects are masked from ‘package:base’:

    intersect, setdiff, setequal, union

    dplyr   stringr     rvest RSelenium      httr     tidyr       DBI    RMySQL 
     TRUE      TRUE      TRUE      TRUE      TRUE      TRUE      TRUE      TRUE 
   gtools 
     TRUE 
[[1]]
NULL

[[2]]
NULL

[[3]]
NULL

[[4]]
NULL

[[5]]
NULL

[[6]]
NULL

[[7]]
NULL

[[8]]
NULL

[[9]]
NULL

[[10]]
NULL

[[11]]
NULL

[[12]]
NULL

[[1]]
NULL

[1] "code finish on 2020-07-04 19:30:50"
[1] "------"
[1] "code start 2020-07-08 21:00:01"

Attaching package: ‘dplyr’

The following objects are masked from ‘package:stats’:

    filter, lag

The following objects are masked from ‘package:base’:

    intersect, setdiff, setequal, union

    dplyr   stringr     rvest RSelenium      httr     tidyr       DBI    RMySQL 
     TRUE      TRUE      TRUE      TRUE      TRUE      TRUE      TRUE      TRUE 
   gtools 
     TRUE 
[[1]]
NULL

[[2]]
NULL

[[3]]
NULL

[[4]]
NULL

[[5]]
NULL

[[6]]
NULL

[[7]]
NULL

[[8]]
NULL

[[9]]
NULL

[[10]]
NULL

[[11]]
NULL

[[12]]
NULL

[[1]]
NULL

[[2]]
NULL

[[3]]
NULL

[1] "code finish on 2020-07-08 21:00:50"
[1] "------"
[1] "code start 2020-07-11 19:30:01"

Attaching package: ‘dplyr’

The following objects are masked from ‘package:stats’:

    filter, lag

The following objects are masked from ‘package:base’:

    intersect, setdiff, setequal, union

    dplyr   stringr     rvest RSelenium      httr     tidyr       DBI    RMySQL 
     TRUE      TRUE      TRUE      TRUE      TRUE      TRUE      TRUE      TRUE 
   gtools 
     TRUE 
[[1]]
NULL

[[2]]
NULL

[[3]]
NULL

[[4]]
NULL

[[5]]
NULL

[[6]]
NULL

[[7]]
NULL

[[8]]
NULL

[[9]]
NULL

[[10]]
NULL

[[11]]
NULL

[[12]]
NULL

[[1]]
NULL

[1] "code finish on 2020-07-11 19:30:50"
[1] "------"
[1] "code start 2020-07-15 21:00:02"

Attaching package: ‘dplyr’

The following objects are masked from ‘package:stats’:

    filter, lag

The following objects are masked from ‘package:base’:

    intersect, setdiff, setequal, union

    dplyr   stringr     rvest RSelenium      httr     tidyr       DBI    RMySQL 
     TRUE      TRUE      TRUE      TRUE      TRUE      TRUE      TRUE      TRUE 
   gtools 
     TRUE 
[[1]]
NULL

[[2]]
NULL

[[3]]
NULL

[[4]]
NULL

[[5]]
NULL

[[6]]
NULL

[[7]]
NULL

[[8]]
NULL

[[9]]
NULL

[[10]]
NULL

[[11]]
NULL

[[12]]
NULL

[[1]]
NULL

[[2]]
NULL

[[3]]
NULL

[1] "code finish on 2020-07-15 21:00:52"
[1] "------"
[1] "code start 2020-07-18 19:30:01"

Attaching package: ‘dplyr’

The following objects are masked from ‘package:stats’:

    filter, lag

The following objects are masked from ‘package:base’:

    intersect, setdiff, setequal, union

    dplyr   stringr     rvest RSelenium      httr     tidyr       DBI    RMySQL 
     TRUE      TRUE      TRUE      TRUE      TRUE      TRUE      TRUE      TRUE 
   gtools 
     TRUE 
[[1]]
NULL

[[2]]
NULL

[[3]]
NULL

[[4]]
NULL

[[5]]
NULL

[[6]]
NULL

[[7]]
NULL

[[8]]
NULL

[[9]]
NULL

[[10]]
NULL

[[11]]
NULL

[[12]]
NULL

[[1]]
NULL

[1] "code finish on 2020-07-18 19:30:51"
