Loading required package: dplyr

Attaching package: ‘dplyr’

The following objects are masked from ‘package:stats’:

    filter, lag

The following objects are masked from ‘package:base’:

    intersect, setdiff, setequal, union

Loading required package: stringr
Loading required package: rvest
Loading required package: xml2
Loading required package: RSelenium
Loading required package: httr
Loading required package: tidyr
Loading required package: DBI
Loading required package: RMySQL
Loading required package: rlist
    dplyr   stringr     rvest RSelenium      httr     tidyr       DBI    RMySQL 
     TRUE      TRUE      TRUE      TRUE      TRUE      TRUE      TRUE      TRUE 
    rlist 
     TRUE 
[1] "Connecting to remote server"
$acceptInsecureCerts
[1] FALSE

$browserName
[1] "chrome"

$browserVersion
[1] "81.0.4044.138"

$chrome
$chrome$chromedriverVersion
[1] "81.0.4044.138 (8c6c7ba89cc9453625af54f11fd83179e23450fa-refs/branch-heads/4044@{#999})"

$chrome$userDataDir
[1] "/tmp/.com.google.Chrome.juQce1"


$`goog:chromeOptions`
$`goog:chromeOptions`$debuggerAddress
[1] "localhost:34290"


$networkConnectionEnabled
[1] FALSE

$pageLoadStrategy
[1] "normal"

$platformName
[1] "linux"

$proxy
named list()

$setWindowRect
[1] TRUE

$strictFileInteractability
[1] FALSE

$timeouts
$timeouts$implicit
[1] 0

$timeouts$pageLoad
[1] 300000

$timeouts$script
[1] 30000


$unhandledPromptBehavior
[1] "dismiss and notify"

$`webauthn:virtualAuthenticators`
[1] TRUE

$webdriver.remote.sessionid
[1] "2b138b0d0f2e29d9d820e05647b1934b"

$id
[1] "2b138b0d0f2e29d9d820e05647b1934b"

data frame with 0 columns and 0 rows
Error in na.replace(tmpp$rating, "999(999)") : 
  could not find function "na.replace"
Execution halted
Loading required package: dplyr

Attaching package: ‘dplyr’

The following objects are masked from ‘package:stats’:

    filter, lag

The following objects are masked from ‘package:base’:

    intersect, setdiff, setequal, union

Loading required package: stringr
Loading required package: rvest
Loading required package: xml2
Loading required package: RSelenium
Loading required package: httr
Loading required package: tidyr
Loading required package: DBI
Loading required package: RMySQL
Loading required package: rlist
    dplyr   stringr     rvest RSelenium      httr     tidyr       DBI    RMySQL 
     TRUE      TRUE      TRUE      TRUE      TRUE      TRUE      TRUE      TRUE 
    rlist 
     TRUE 
[1] "Connecting to remote server"
$acceptInsecureCerts
[1] FALSE

$browserName
[1] "chrome"

$browserVersion
[1] "81.0.4044.138"

$chrome
$chrome$chromedriverVersion
[1] "81.0.4044.138 (8c6c7ba89cc9453625af54f11fd83179e23450fa-refs/branch-heads/4044@{#999})"

$chrome$userDataDir
[1] "/tmp/.com.google.Chrome.epzNJY"


$`goog:chromeOptions`
$`goog:chromeOptions`$debuggerAddress
[1] "localhost:34249"


$networkConnectionEnabled
[1] FALSE

$pageLoadStrategy
[1] "normal"

$platformName
[1] "linux"

$proxy
named list()

$setWindowRect
[1] TRUE

$strictFileInteractability
[1] FALSE

$timeouts
$timeouts$implicit
[1] 0

$timeouts$pageLoad
[1] 300000

$timeouts$script
[1] 30000


$unhandledPromptBehavior
[1] "dismiss and notify"

$`webauthn:virtualAuthenticators`
[1] TRUE

$webdriver.remote.sessionid
[1] "e1c0d213afb4c6e991624504a9a644d9"

$id
[1] "e1c0d213afb4c6e991624504a9a644d9"

data frame with 0 columns and 0 rows
Error in na.replace(tmpp$rating, "999(999)") : 
  could not find function "na.replace"
Execution halted
Loading required package: dplyr

Attaching package: ‘dplyr’

The following objects are masked from ‘package:stats’:

    filter, lag

The following objects are masked from ‘package:base’:

    intersect, setdiff, setequal, union

Loading required package: stringr
Loading required package: rvest
Loading required package: xml2
Loading required package: RSelenium
Loading required package: httr
Loading required package: tidyr
Loading required package: DBI
Loading required package: RMySQL
Loading required package: rlist
    dplyr   stringr     rvest RSelenium      httr     tidyr       DBI    RMySQL 
     TRUE      TRUE      TRUE      TRUE      TRUE      TRUE      TRUE      TRUE 
    rlist 
     TRUE 
[1] "Connecting to remote server"
$acceptInsecureCerts
[1] FALSE

$browserName
[1] "chrome"

$browserVersion
[1] "81.0.4044.138"

$chrome
$chrome$chromedriverVersion
[1] "81.0.4044.138 (8c6c7ba89cc9453625af54f11fd83179e23450fa-refs/branch-heads/4044@{#999})"

$chrome$userDataDir
[1] "/tmp/.com.google.Chrome.7iqeyp"


$`goog:chromeOptions`
$`goog:chromeOptions`$debuggerAddress
[1] "localhost:43367"


$networkConnectionEnabled
[1] FALSE

$pageLoadStrategy
[1] "normal"

$platformName
[1] "linux"

$proxy
named list()

$setWindowRect
[1] TRUE

$strictFileInteractability
[1] FALSE

$timeouts
$timeouts$implicit
[1] 0

$timeouts$pageLoad
[1] 300000

$timeouts$script
[1] 30000


$unhandledPromptBehavior
[1] "dismiss and notify"

$`webauthn:virtualAuthenticators`
[1] TRUE

$webdriver.remote.sessionid
[1] "818bf84cc1de04ee0655c62d36239fd8"

$id
[1] "818bf84cc1de04ee0655c62d36239fd8"

data frame with 0 columns and 0 rows
Error in na.replace(tmpp$rating, "999(999)") : 
  could not find function "na.replace"
Execution halted
Loading required package: dplyr

Attaching package: ‘dplyr’

The following objects are masked from ‘package:stats’:

    filter, lag

The following objects are masked from ‘package:base’:

    intersect, setdiff, setequal, union

Loading required package: stringr
Loading required package: rvest
Loading required package: xml2
Loading required package: RSelenium
Loading required package: httr
Loading required package: tidyr
Loading required package: DBI
Loading required package: RMySQL
Loading required package: rlist
    dplyr   stringr     rvest RSelenium      httr     tidyr       DBI    RMySQL 
     TRUE      TRUE      TRUE      TRUE      TRUE      TRUE      TRUE      TRUE 
    rlist 
     TRUE 
[1] "Connecting to remote server"
$acceptInsecureCerts
[1] FALSE

$browserName
[1] "chrome"

$browserVersion
[1] "81.0.4044.138"

$chrome
$chrome$chromedriverVersion
[1] "81.0.4044.138 (8c6c7ba89cc9453625af54f11fd83179e23450fa-refs/branch-heads/4044@{#999})"

$chrome$userDataDir
[1] "/tmp/.com.google.Chrome.NDPoSr"


$`goog:chromeOptions`
$`goog:chromeOptions`$debuggerAddress
[1] "localhost:45097"


$networkConnectionEnabled
[1] FALSE

$pageLoadStrategy
[1] "normal"

$platformName
[1] "linux"

$proxy
named list()

$setWindowRect
[1] TRUE

$strictFileInteractability
[1] FALSE

$timeouts
$timeouts$implicit
[1] 0

$timeouts$pageLoad
[1] 300000

$timeouts$script
[1] 30000


$unhandledPromptBehavior
[1] "dismiss and notify"

$`webauthn:virtualAuthenticators`
[1] TRUE

$webdriver.remote.sessionid
[1] "98454ca0f6b324406b525ef80c8cb5fc"

$id
[1] "98454ca0f6b324406b525ef80c8cb5fc"

data frame with 0 columns and 0 rows
Error in na.replace(tmpp$rating, "999(999)") : 
  could not find function "na.replace"
Execution halted
Loading required package: dplyr

Attaching package: ‘dplyr’

The following objects are masked from ‘package:stats’:

    filter, lag

The following objects are masked from ‘package:base’:

    intersect, setdiff, setequal, union

Loading required package: stringr
Loading required package: rvest
Loading required package: xml2
Loading required package: RSelenium
Loading required package: httr
Loading required package: tidyr
Loading required package: DBI
Loading required package: RMySQL
Loading required package: rlist
    dplyr   stringr     rvest RSelenium      httr     tidyr       DBI    RMySQL 
     TRUE      TRUE      TRUE      TRUE      TRUE      TRUE      TRUE      TRUE 
    rlist 
     TRUE 
[1] "Connecting to remote server"
$acceptInsecureCerts
[1] FALSE

$browserName
[1] "chrome"

$browserVersion
[1] "81.0.4044.138"

$chrome
$chrome$chromedriverVersion
[1] "81.0.4044.138 (8c6c7ba89cc9453625af54f11fd83179e23450fa-refs/branch-heads/4044@{#999})"

$chrome$userDataDir
[1] "/tmp/.com.google.Chrome.mK5Vf9"


$`goog:chromeOptions`
$`goog:chromeOptions`$debuggerAddress
[1] "localhost:34400"


$networkConnectionEnabled
[1] FALSE

$pageLoadStrategy
[1] "normal"

$platformName
[1] "linux"

$proxy
named list()

$setWindowRect
[1] TRUE

$strictFileInteractability
[1] FALSE

$timeouts
$timeouts$implicit
[1] 0

$timeouts$pageLoad
[1] 300000

$timeouts$script
[1] 30000


$unhandledPromptBehavior
[1] "dismiss and notify"

$`webauthn:virtualAuthenticators`
[1] TRUE

$webdriver.remote.sessionid
[1] "d23335ceb3965766f4d9ed7e9e67a153"

$id
[1] "d23335ceb3965766f4d9ed7e9e67a153"

data frame with 0 columns and 0 rows
Error in na.replace(tmpp$rating, "999(999)") : 
  could not find function "na.replace"
Execution halted
