필요한 패키지를 로딩중입니다: dplyr

다음의 패키지를 부착합니다: ‘dplyr’

The following objects are masked from ‘package:stats’:

    filter, lag

The following objects are masked from ‘package:base’:

    intersect, setdiff, setequal, union

필요한 패키지를 로딩중입니다: stringr
필요한 패키지를 로딩중입니다: rvest
필요한 패키지를 로딩중입니다: xml2
필요한 패키지를 로딩중입니다: RSelenium
필요한 패키지를 로딩중입니다: httr
필요한 패키지를 로딩중입니다: tidyr
필요한 패키지를 로딩중입니다: DBI
필요한 패키지를 로딩중입니다: RMySQL
필요한 패키지를 로딩중입니다: gtools
    dplyr   stringr     rvest RSelenium      httr     tidyr       DBI    RMySQL 
     TRUE      TRUE      TRUE      TRUE      TRUE      TRUE      TRUE      TRUE 
   gtools 
     TRUE 
[1] "Connecting to remote server"
$acceptInsecureCerts
[1] FALSE

$browserName
[1] "chrome"

$browserVersion
[1] "80.0.3987.87"

$chrome
$chrome$chromedriverVersion
[1] "80.0.3987.16 (320f6526c1632ad4f205ebce69b99a062ed78647-refs/branch-heads/3987@{#185})"

$chrome$userDataDir
[1] "/tmp/.com.google.Chrome.gUWMSa"


$`goog:chromeOptions`
$`goog:chromeOptions`$debuggerAddress
[1] "localhost:40149"


$networkConnectionEnabled
[1] FALSE

$pageLoadStrategy
[1] "normal"

$platformName
[1] "linux"

$proxy
named list()

$setWindowRect
[1] TRUE

$strictFileInteractability
[1] FALSE

$timeouts
$timeouts$implicit
[1] 0

$timeouts$pageLoad
[1] 300000

$timeouts$script
[1] 30000


$unhandledPromptBehavior
[1] "dismiss and notify"

$webdriver.remote.sessionid
[1] "daa1f351e245464134692f4dc15b8a8e"

$id
[1] "daa1f351e245464134692f4dc15b8a8e"

경고메시지(들): 
Expected 3 pieces. Missing pieces filled with `NA` in 1 rows [7]. 
[[1]]
NULL

필요한 패키지를 로딩중입니다: dplyr

다음의 패키지를 부착합니다: ‘dplyr’

The following objects are masked from ‘package:stats’:

    filter, lag

The following objects are masked from ‘package:base’:

    intersect, setdiff, setequal, union

필요한 패키지를 로딩중입니다: stringr
필요한 패키지를 로딩중입니다: rvest
필요한 패키지를 로딩중입니다: xml2
필요한 패키지를 로딩중입니다: RSelenium
필요한 패키지를 로딩중입니다: httr
필요한 패키지를 로딩중입니다: tidyr
필요한 패키지를 로딩중입니다: DBI
필요한 패키지를 로딩중입니다: RMySQL
필요한 패키지를 로딩중입니다: gtools
    dplyr   stringr     rvest RSelenium      httr     tidyr       DBI    RMySQL 
     TRUE      TRUE      TRUE      TRUE      TRUE      TRUE      TRUE      TRUE 
   gtools 
     TRUE 
[1] "Connecting to remote server"
$acceptInsecureCerts
[1] FALSE

$browserName
[1] "chrome"

$browserVersion
[1] "80.0.3987.87"

$chrome
$chrome$chromedriverVersion
[1] "80.0.3987.16 (320f6526c1632ad4f205ebce69b99a062ed78647-refs/branch-heads/3987@{#185})"

$chrome$userDataDir
[1] "/tmp/.com.google.Chrome.PWUHo6"


$`goog:chromeOptions`
$`goog:chromeOptions`$debuggerAddress
[1] "localhost:44689"


$networkConnectionEnabled
[1] FALSE

$pageLoadStrategy
[1] "normal"

$platformName
[1] "linux"

$proxy
named list()

$setWindowRect
[1] TRUE

$strictFileInteractability
[1] FALSE

$timeouts
$timeouts$implicit
[1] 0

$timeouts$pageLoad
[1] 300000

$timeouts$script
[1] 30000


$unhandledPromptBehavior
[1] "dismiss and notify"

$webdriver.remote.sessionid
[1] "d9cdf2aee0059a30946db608bbe55815"

$id
[1] "d9cdf2aee0059a30946db608bbe55815"

경고메시지(들): 
Expected 3 pieces. Missing pieces filled with `NA` in 1 rows [7]. 
[[1]]
NULL

필요한 패키지를 로딩중입니다: dplyr

다음의 패키지를 부착합니다: ‘dplyr’

The following objects are masked from ‘package:stats’:

    filter, lag

The following objects are masked from ‘package:base’:

    intersect, setdiff, setequal, union

필요한 패키지를 로딩중입니다: stringr
필요한 패키지를 로딩중입니다: rvest
필요한 패키지를 로딩중입니다: xml2
필요한 패키지를 로딩중입니다: RSelenium
필요한 패키지를 로딩중입니다: httr
필요한 패키지를 로딩중입니다: tidyr
필요한 패키지를 로딩중입니다: DBI
필요한 패키지를 로딩중입니다: RMySQL
필요한 패키지를 로딩중입니다: gtools
    dplyr   stringr     rvest RSelenium      httr     tidyr       DBI    RMySQL 
     TRUE      TRUE      TRUE      TRUE      TRUE      TRUE      TRUE      TRUE 
   gtools 
     TRUE 
[1] "Connecting to remote server"
Error in checkError(res) : 
  Undefined error in httr call. httr output: Failed to connect to localhost port 4444: 연결이 거부됨
Calls: <Anonymous> -> queryRD -> checkError
실행이 정지되었습니다
필요한 패키지를 로딩중입니다: dplyr

다음의 패키지를 부착합니다: ‘dplyr’

The following objects are masked from ‘package:stats’:

    filter, lag

The following objects are masked from ‘package:base’:

    intersect, setdiff, setequal, union

필요한 패키지를 로딩중입니다: stringr
필요한 패키지를 로딩중입니다: rvest
필요한 패키지를 로딩중입니다: xml2
필요한 패키지를 로딩중입니다: RSelenium
필요한 패키지를 로딩중입니다: httr
필요한 패키지를 로딩중입니다: tidyr
필요한 패키지를 로딩중입니다: DBI
필요한 패키지를 로딩중입니다: RMySQL
필요한 패키지를 로딩중입니다: gtools
    dplyr   stringr     rvest RSelenium      httr     tidyr       DBI    RMySQL 
     TRUE      TRUE      TRUE      TRUE      TRUE      TRUE      TRUE      TRUE 
   gtools 
     TRUE 
[1] "Connecting to remote server"
$acceptInsecureCerts
[1] FALSE

$browserName
[1] "chrome"

$browserVersion
[1] "80.0.3987.87"

$chrome
$chrome$chromedriverVersion
[1] "80.0.3987.16 (320f6526c1632ad4f205ebce69b99a062ed78647-refs/branch-heads/3987@{#185})"

$chrome$userDataDir
[1] "/tmp/.com.google.Chrome.fojKnp"


$`goog:chromeOptions`
$`goog:chromeOptions`$debuggerAddress
[1] "localhost:39777"


$networkConnectionEnabled
[1] FALSE

$pageLoadStrategy
[1] "normal"

$platformName
[1] "linux"

$proxy
named list()

$setWindowRect
[1] TRUE

$strictFileInteractability
[1] FALSE

$timeouts
$timeouts$implicit
[1] 0

$timeouts$pageLoad
[1] 300000

$timeouts$script
[1] 30000


$unhandledPromptBehavior
[1] "dismiss and notify"

$webdriver.remote.sessionid
[1] "97535bbe88ae5360e16d3d2db9573824"

$id
[1] "97535bbe88ae5360e16d3d2db9573824"

Error in .local(conn, statement, ...) : 
  could not run statement: Column count doesn't match value count at row 1
Calls: dbGetQuery ... .local -> dbSendQuery -> dbSendQuery -> .local -> .Call
실행이 정지되었습니다
필요한 패키지를 로딩중입니다: dplyr

다음의 패키지를 부착합니다: ‘dplyr’

The following objects are masked from ‘package:stats’:

    filter, lag

The following objects are masked from ‘package:base’:

    intersect, setdiff, setequal, union

필요한 패키지를 로딩중입니다: stringr
필요한 패키지를 로딩중입니다: rvest
필요한 패키지를 로딩중입니다: xml2
필요한 패키지를 로딩중입니다: RSelenium
필요한 패키지를 로딩중입니다: httr
필요한 패키지를 로딩중입니다: tidyr
필요한 패키지를 로딩중입니다: DBI
필요한 패키지를 로딩중입니다: RMySQL
필요한 패키지를 로딩중입니다: gtools
    dplyr   stringr     rvest RSelenium      httr     tidyr       DBI    RMySQL 
     TRUE      TRUE      TRUE      TRUE      TRUE      TRUE      TRUE      TRUE 
   gtools 
     TRUE 
[1] "Connecting to remote server"
$acceptInsecureCerts
[1] FALSE

$browserName
[1] "chrome"

$browserVersion
[1] "80.0.3987.163"

$chrome
$chrome$chromedriverVersion
[1] "80.0.3987.106 (f68069574609230cf9b635cd784cfb1bf81bb53a-refs/branch-heads/3987@{#882})"

$chrome$userDataDir
[1] "/tmp/.com.google.Chrome.SW7O1n"


$`goog:chromeOptions`
$`goog:chromeOptions`$debuggerAddress
[1] "localhost:42935"


$networkConnectionEnabled
[1] FALSE

$pageLoadStrategy
[1] "normal"

$platformName
[1] "linux"

$proxy
named list()

$setWindowRect
[1] TRUE

$strictFileInteractability
[1] FALSE

$timeouts
$timeouts$implicit
[1] 0

$timeouts$pageLoad
[1] 300000

$timeouts$script
[1] 30000


$unhandledPromptBehavior
[1] "dismiss and notify"

$webdriver.remote.sessionid
[1] "5cfafd6921e7a43ee2a79ad97583cc7b"

$id
[1] "5cfafd6921e7a43ee2a79ad97583cc7b"

[[1]]
NULL

[[2]]
NULL

[[3]]
NULL

[[4]]
NULL

[[5]]
NULL

[[6]]
NULL

[[7]]
NULL

[[8]]
NULL

[[9]]
NULL

[[10]]
NULL

[[11]]
NULL

[[12]]
NULL

[[1]]
NULL

[[2]]
NULL

필요한 패키지를 로딩중입니다: dplyr

다음의 패키지를 부착합니다: ‘dplyr’

The following objects are masked from ‘package:stats’:

    filter, lag

The following objects are masked from ‘package:base’:

    intersect, setdiff, setequal, union

필요한 패키지를 로딩중입니다: stringr
필요한 패키지를 로딩중입니다: rvest
필요한 패키지를 로딩중입니다: xml2
필요한 패키지를 로딩중입니다: RSelenium
필요한 패키지를 로딩중입니다: httr
필요한 패키지를 로딩중입니다: tidyr
필요한 패키지를 로딩중입니다: DBI
필요한 패키지를 로딩중입니다: RMySQL
필요한 패키지를 로딩중입니다: gtools
    dplyr   stringr     rvest RSelenium      httr     tidyr       DBI    RMySQL 
     TRUE      TRUE      TRUE      TRUE      TRUE      TRUE      TRUE      TRUE 
   gtools 
     TRUE 
[1] "Connecting to remote server"
$acceptInsecureCerts
[1] FALSE

$browserName
[1] "chrome"

$browserVersion
[1] "80.0.3987.163"

$chrome
$chrome$chromedriverVersion
[1] "80.0.3987.106 (f68069574609230cf9b635cd784cfb1bf81bb53a-refs/branch-heads/3987@{#882})"

$chrome$userDataDir
[1] "/tmp/.com.google.Chrome.5OG3gs"


$`goog:chromeOptions`
$`goog:chromeOptions`$debuggerAddress
[1] "localhost:46565"


$networkConnectionEnabled
[1] FALSE

$pageLoadStrategy
[1] "normal"

$platformName
[1] "linux"

$proxy
named list()

$setWindowRect
[1] TRUE

$strictFileInteractability
[1] FALSE

$timeouts
$timeouts$implicit
[1] 0

$timeouts$pageLoad
[1] 300000

$timeouts$script
[1] 30000


$unhandledPromptBehavior
[1] "dismiss and notify"

$webdriver.remote.sessionid
[1] "50a4793aa992273b60532d7fcf2426af"

$id
[1] "50a4793aa992273b60532d7fcf2426af"

[[1]]
NULL

[[2]]
NULL

[[3]]
NULL

[[4]]
NULL

[[5]]
NULL

[[6]]
NULL

[[7]]
NULL

[[8]]
NULL

[[9]]
NULL

[[10]]
NULL

[[11]]
NULL

[[12]]
NULL

[[1]]
NULL

Loading required package: dplyr

Attaching package: ‘dplyr’

The following objects are masked from ‘package:stats’:

    filter, lag

The following objects are masked from ‘package:base’:

    intersect, setdiff, setequal, union

Loading required package: stringr
Loading required package: rvest
Loading required package: xml2
Loading required package: RSelenium
Loading required package: httr
Loading required package: tidyr
Loading required package: DBI
Loading required package: RMySQL
Loading required package: gtools
    dplyr   stringr     rvest RSelenium      httr     tidyr       DBI    RMySQL 
     TRUE      TRUE      TRUE      TRUE      TRUE      TRUE      TRUE      TRUE 
   gtools 
     TRUE 
[1] "Connecting to remote server"
$acceptInsecureCerts
[1] FALSE

$browserName
[1] "chrome"

$browserVersion
[1] "81.0.4044.138"

$chrome
$chrome$chromedriverVersion
[1] "81.0.4044.138 (8c6c7ba89cc9453625af54f11fd83179e23450fa-refs/branch-heads/4044@{#999})"

$chrome$userDataDir
[1] "/tmp/.com.google.Chrome.xGVfNR"


$`goog:chromeOptions`
$`goog:chromeOptions`$debuggerAddress
[1] "localhost:39937"


$networkConnectionEnabled
[1] FALSE

$pageLoadStrategy
[1] "normal"

$platformName
[1] "linux"

$proxy
named list()

$setWindowRect
[1] TRUE

$strictFileInteractability
[1] FALSE

$timeouts
$timeouts$implicit
[1] 0

$timeouts$pageLoad
[1] 300000

$timeouts$script
[1] 30000


$unhandledPromptBehavior
[1] "dismiss and notify"

$`webauthn:virtualAuthenticators`
[1] TRUE

$webdriver.remote.sessionid
[1] "f80a1aa1610c9d3da21fbf98e068c9fb"

$id
[1] "f80a1aa1610c9d3da21fbf98e068c9fb"


Selenium message:No active session with ID f80a1aa1610c9d3da21fbf98e068c9fb

Error: 	 Summary: NoSuchDriver
 	 Detail: A session is either terminated or not started
	 Further Details: run errorDetails method
Execution halted
Loading required package: dplyr

Attaching package: ‘dplyr’

The following objects are masked from ‘package:stats’:

    filter, lag

The following objects are masked from ‘package:base’:

    intersect, setdiff, setequal, union

Loading required package: stringr
Loading required package: rvest
Loading required package: xml2
Loading required package: RSelenium
Loading required package: httr
Loading required package: tidyr
Loading required package: DBI
Loading required package: RMySQL
Loading required package: gtools
    dplyr   stringr     rvest RSelenium      httr     tidyr       DBI    RMySQL 
     TRUE      TRUE      TRUE      TRUE      TRUE      TRUE      TRUE      TRUE 
   gtools 
     TRUE 
[1] "Connecting to remote server"
$acceptInsecureCerts
[1] FALSE

$browserName
[1] "chrome"

$browserVersion
[1] "81.0.4044.138"

$chrome
$chrome$chromedriverVersion
[1] "81.0.4044.138 (8c6c7ba89cc9453625af54f11fd83179e23450fa-refs/branch-heads/4044@{#999})"

$chrome$userDataDir
[1] "/tmp/.com.google.Chrome.pAbsWQ"


$`goog:chromeOptions`
$`goog:chromeOptions`$debuggerAddress
[1] "localhost:42223"


$networkConnectionEnabled
[1] FALSE

$pageLoadStrategy
[1] "normal"

$platformName
[1] "linux"

$proxy
named list()

$setWindowRect
[1] TRUE

$strictFileInteractability
[1] FALSE

$timeouts
$timeouts$implicit
[1] 0

$timeouts$pageLoad
[1] 300000

$timeouts$script
[1] 30000


$unhandledPromptBehavior
[1] "dismiss and notify"

$`webauthn:virtualAuthenticators`
[1] TRUE

$webdriver.remote.sessionid
[1] "37ece41b59219b6b406832d66dcc1caf"

$id
[1] "37ece41b59219b6b406832d66dcc1caf"


Selenium message:No active session with ID 37ece41b59219b6b406832d66dcc1caf

Error: 	 Summary: NoSuchDriver
 	 Detail: A session is either terminated or not started
	 Further Details: run errorDetails method
Execution halted
Loading required package: dplyr

Attaching package: ‘dplyr’

The following objects are masked from ‘package:stats’:

    filter, lag

The following objects are masked from ‘package:base’:

    intersect, setdiff, setequal, union

Loading required package: stringr
Loading required package: rvest
Loading required package: xml2
Loading required package: RSelenium
Loading required package: httr
Loading required package: tidyr
Loading required package: DBI
Loading required package: RMySQL
Loading required package: gtools
    dplyr   stringr     rvest RSelenium      httr     tidyr       DBI    RMySQL 
     TRUE      TRUE      TRUE      TRUE      TRUE      TRUE      TRUE      TRUE 
   gtools 
     TRUE 
[1] "Connecting to remote server"
$acceptInsecureCerts
[1] FALSE

$browserName
[1] "chrome"

$browserVersion
[1] "81.0.4044.138"

$chrome
$chrome$chromedriverVersion
[1] "81.0.4044.138 (8c6c7ba89cc9453625af54f11fd83179e23450fa-refs/branch-heads/4044@{#999})"

$chrome$userDataDir
[1] "/tmp/.com.google.Chrome.KkPOok"


$`goog:chromeOptions`
$`goog:chromeOptions`$debuggerAddress
[1] "localhost:35288"


$networkConnectionEnabled
[1] FALSE

$pageLoadStrategy
[1] "normal"

$platformName
[1] "linux"

$proxy
named list()

$setWindowRect
[1] TRUE

$strictFileInteractability
[1] FALSE

$timeouts
$timeouts$implicit
[1] 0

$timeouts$pageLoad
[1] 300000

$timeouts$script
[1] 30000


$unhandledPromptBehavior
[1] "dismiss and notify"

$`webauthn:virtualAuthenticators`
[1] TRUE

$webdriver.remote.sessionid
[1] "5fb2e614a3c73a92c48ba0c67f65c828"

$id
[1] "5fb2e614a3c73a92c48ba0c67f65c828"


Selenium message:No active session with ID 5fb2e614a3c73a92c48ba0c67f65c828

Error: 	 Summary: NoSuchDriver
 	 Detail: A session is either terminated or not started
	 Further Details: run errorDetails method
Execution halted
Loading required package: dplyr

Attaching package: ‘dplyr’

The following objects are masked from ‘package:stats’:

    filter, lag

The following objects are masked from ‘package:base’:

    intersect, setdiff, setequal, union

Loading required package: stringr
Loading required package: rvest
Loading required package: xml2
Loading required package: RSelenium
Loading required package: httr
Loading required package: tidyr
Loading required package: DBI
Loading required package: RMySQL
Loading required package: gtools
    dplyr   stringr     rvest RSelenium      httr     tidyr       DBI    RMySQL 
     TRUE      TRUE      TRUE      TRUE      TRUE      TRUE      TRUE      TRUE 
   gtools 
     TRUE 
[1] "Connecting to remote server"
$acceptInsecureCerts
[1] FALSE

$browserName
[1] "chrome"

$browserVersion
[1] "81.0.4044.138"

$chrome
$chrome$chromedriverVersion
[1] "81.0.4044.138 (8c6c7ba89cc9453625af54f11fd83179e23450fa-refs/branch-heads/4044@{#999})"

$chrome$userDataDir
[1] "/tmp/.com.google.Chrome.RUtSTA"


$`goog:chromeOptions`
$`goog:chromeOptions`$debuggerAddress
[1] "localhost:43883"


$networkConnectionEnabled
[1] FALSE

$pageLoadStrategy
[1] "normal"

$platformName
[1] "linux"

$proxy
named list()

$setWindowRect
[1] TRUE

$strictFileInteractability
[1] FALSE

$timeouts
$timeouts$implicit
[1] 0

$timeouts$pageLoad
[1] 300000

$timeouts$script
[1] 30000


$unhandledPromptBehavior
[1] "dismiss and notify"

$`webauthn:virtualAuthenticators`
[1] TRUE

$webdriver.remote.sessionid
[1] "e16a58280da42f5a06318406660d5b52"

$id
[1] "e16a58280da42f5a06318406660d5b52"


Selenium message:No active session with ID e16a58280da42f5a06318406660d5b52

Error: 	 Summary: NoSuchDriver
 	 Detail: A session is either terminated or not started
	 Further Details: run errorDetails method
Execution halted
Loading required package: dplyr

Attaching package: ‘dplyr’

The following objects are masked from ‘package:stats’:

    filter, lag

The following objects are masked from ‘package:base’:

    intersect, setdiff, setequal, union

Loading required package: stringr
Loading required package: rvest
Loading required package: xml2
Loading required package: RSelenium
Loading required package: httr
Loading required package: tidyr
Loading required package: DBI
Loading required package: RMySQL
Loading required package: gtools
    dplyr   stringr     rvest RSelenium      httr     tidyr       DBI    RMySQL 
     TRUE      TRUE      TRUE      TRUE      TRUE      TRUE      TRUE      TRUE 
   gtools 
     TRUE 
[1] "Connecting to remote server"
$acceptInsecureCerts
[1] FALSE

$browserName
[1] "chrome"

$browserVersion
[1] "81.0.4044.138"

$chrome
$chrome$chromedriverVersion
[1] "81.0.4044.138 (8c6c7ba89cc9453625af54f11fd83179e23450fa-refs/branch-heads/4044@{#999})"

$chrome$userDataDir
[1] "/tmp/.com.google.Chrome.ZltHW6"


$`goog:chromeOptions`
$`goog:chromeOptions`$debuggerAddress
[1] "localhost:41128"


$networkConnectionEnabled
[1] FALSE

$pageLoadStrategy
[1] "normal"

$platformName
[1] "linux"

$proxy
named list()

$setWindowRect
[1] TRUE

$strictFileInteractability
[1] FALSE

$timeouts
$timeouts$implicit
[1] 0

$timeouts$pageLoad
[1] 300000

$timeouts$script
[1] 30000


$unhandledPromptBehavior
[1] "dismiss and notify"

$`webauthn:virtualAuthenticators`
[1] TRUE

$webdriver.remote.sessionid
[1] "f8c53bdf1d556751a4ce8ba7f47767b7"

$id
[1] "f8c53bdf1d556751a4ce8ba7f47767b7"


Selenium message:No active session with ID f8c53bdf1d556751a4ce8ba7f47767b7

Error: 	 Summary: NoSuchDriver
 	 Detail: A session is either terminated or not started
	 Further Details: run errorDetails method
Execution halted
