Loading required package: dplyr

Attaching package: ‘dplyr’

The following objects are masked from ‘package:stats’:

    filter, lag

The following objects are masked from ‘package:base’:

    intersect, setdiff, setequal, union

Loading required package: stringr
Loading required package: rvest
Loading required package: xml2
Loading required package: RSelenium
Loading required package: pbapply
Loading required package: httr
Loading required package: tidyr
Loading required package: DBI
Loading required package: RMySQL
Loading required package: gtools
    dplyr   stringr     rvest RSelenium   pbapply      httr     tidyr       DBI 
     TRUE      TRUE      TRUE      TRUE      TRUE      TRUE      TRUE      TRUE 
   RMySQL    gtools 
     TRUE      TRUE 
[1] "Connecting to remote server"
$acceptInsecureCerts
[1] FALSE

$browserName
[1] "chrome"

$browserVersion
[1] "81.0.4044.138"

$chrome
$chrome$chromedriverVersion
[1] "81.0.4044.138 (8c6c7ba89cc9453625af54f11fd83179e23450fa-refs/branch-heads/4044@{#999})"

$chrome$userDataDir
[1] "/tmp/.com.google.Chrome.du1mBE"


$`goog:chromeOptions`
$`goog:chromeOptions`$debuggerAddress
[1] "localhost:45228"


$networkConnectionEnabled
[1] FALSE

$pageLoadStrategy
[1] "normal"

$platformName
[1] "linux"

$proxy
named list()

$setWindowRect
[1] TRUE

$strictFileInteractability
[1] FALSE

$timeouts
$timeouts$implicit
[1] 0

$timeouts$pageLoad
[1] 300000

$timeouts$script
[1] 30000


$unhandledPromptBehavior
[1] "dismiss and notify"

$`webauthn:virtualAuthenticators`
[1] TRUE

$webdriver.remote.sessionid
[1] "33d69422f8c0204adcf6c2e2723c16ae"

$id
[1] "33d69422f8c0204adcf6c2e2723c16ae"

data frame with 0 columns and 0 rows
data frame with 0 columns and 0 rows
[1] TRUE
[[1]]
NULL

[[2]]
NULL

Loading required package: dplyr

Attaching package: ‘dplyr’

The following objects are masked from ‘package:stats’:

    filter, lag

The following objects are masked from ‘package:base’:

    intersect, setdiff, setequal, union

Loading required package: stringr
Loading required package: rvest
Loading required package: xml2
Loading required package: RSelenium
Loading required package: pbapply
Loading required package: httr
Loading required package: tidyr
Loading required package: DBI
Loading required package: RMySQL
Loading required package: gtools
    dplyr   stringr     rvest RSelenium   pbapply      httr     tidyr       DBI 
     TRUE      TRUE      TRUE      TRUE      TRUE      TRUE      TRUE      TRUE 
   RMySQL    gtools 
     TRUE      TRUE 
[1] "Connecting to remote server"
$acceptInsecureCerts
[1] FALSE

$browserName
[1] "chrome"

$browserVersion
[1] "81.0.4044.138"

$chrome
$chrome$chromedriverVersion
[1] "81.0.4044.138 (8c6c7ba89cc9453625af54f11fd83179e23450fa-refs/branch-heads/4044@{#999})"

$chrome$userDataDir
[1] "/tmp/.com.google.Chrome.zVV8es"


$`goog:chromeOptions`
$`goog:chromeOptions`$debuggerAddress
[1] "localhost:39817"


$networkConnectionEnabled
[1] FALSE

$pageLoadStrategy
[1] "normal"

$platformName
[1] "linux"

$proxy
named list()

$setWindowRect
[1] TRUE

$strictFileInteractability
[1] FALSE

$timeouts
$timeouts$implicit
[1] 0

$timeouts$pageLoad
[1] 300000

$timeouts$script
[1] 30000


$unhandledPromptBehavior
[1] "dismiss and notify"

$`webauthn:virtualAuthenticators`
[1] TRUE

$webdriver.remote.sessionid
[1] "742e7cc6108081a0e191c4e871ee3ae5"

$id
[1] "742e7cc6108081a0e191c4e871ee3ae5"

data frame with 0 columns and 0 rows
data frame with 0 columns and 0 rows
[1] TRUE
[[1]]
NULL

[[2]]
NULL

Loading required package: dplyr

Attaching package: ‘dplyr’

The following objects are masked from ‘package:stats’:

    filter, lag

The following objects are masked from ‘package:base’:

    intersect, setdiff, setequal, union

Loading required package: stringr
Loading required package: rvest
Loading required package: xml2
Loading required package: RSelenium
Loading required package: pbapply
Loading required package: httr
Loading required package: tidyr
Loading required package: DBI
Loading required package: RMySQL
Loading required package: gtools
    dplyr   stringr     rvest RSelenium   pbapply      httr     tidyr       DBI 
     TRUE      TRUE      TRUE      TRUE      TRUE      TRUE      TRUE      TRUE 
   RMySQL    gtools 
     TRUE      TRUE 
[1] "Connecting to remote server"
$acceptInsecureCerts
[1] FALSE

$browserName
[1] "chrome"

$browserVersion
[1] "81.0.4044.138"

$chrome
$chrome$chromedriverVersion
[1] "81.0.4044.138 (8c6c7ba89cc9453625af54f11fd83179e23450fa-refs/branch-heads/4044@{#999})"

$chrome$userDataDir
[1] "/tmp/.com.google.Chrome.ECgMqM"


$`goog:chromeOptions`
$`goog:chromeOptions`$debuggerAddress
[1] "localhost:43668"


$networkConnectionEnabled
[1] FALSE

$pageLoadStrategy
[1] "normal"

$platformName
[1] "linux"

$proxy
named list()

$setWindowRect
[1] TRUE

$strictFileInteractability
[1] FALSE

$timeouts
$timeouts$implicit
[1] 0

$timeouts$pageLoad
[1] 300000

$timeouts$script
[1] 30000


$unhandledPromptBehavior
[1] "dismiss and notify"

$`webauthn:virtualAuthenticators`
[1] TRUE

$webdriver.remote.sessionid
[1] "dce388b7e5169e5d465eb19fb501de58"

$id
[1] "dce388b7e5169e5d465eb19fb501de58"

data frame with 0 columns and 0 rows
data frame with 0 columns and 0 rows
[1] TRUE
[[1]]
NULL

[[2]]
NULL

Loading required package: dplyr

Attaching package: ‘dplyr’

The following objects are masked from ‘package:stats’:

    filter, lag

The following objects are masked from ‘package:base’:

    intersect, setdiff, setequal, union

Loading required package: stringr
Loading required package: rvest
Loading required package: xml2
Loading required package: RSelenium
Loading required package: pbapply
Loading required package: httr
Loading required package: tidyr
Loading required package: DBI
Loading required package: RMySQL
Loading required package: gtools
    dplyr   stringr     rvest RSelenium   pbapply      httr     tidyr       DBI 
     TRUE      TRUE      TRUE      TRUE      TRUE      TRUE      TRUE      TRUE 
   RMySQL    gtools 
     TRUE      TRUE 
[1] "Connecting to remote server"
$acceptInsecureCerts
[1] FALSE

$browserName
[1] "chrome"

$browserVersion
[1] "81.0.4044.138"

$chrome
$chrome$chromedriverVersion
[1] "81.0.4044.138 (8c6c7ba89cc9453625af54f11fd83179e23450fa-refs/branch-heads/4044@{#999})"

$chrome$userDataDir
[1] "/tmp/.com.google.Chrome.ftfwKj"


$`goog:chromeOptions`
$`goog:chromeOptions`$debuggerAddress
[1] "localhost:36254"


$networkConnectionEnabled
[1] FALSE

$pageLoadStrategy
[1] "normal"

$platformName
[1] "linux"

$proxy
named list()

$setWindowRect
[1] TRUE

$strictFileInteractability
[1] FALSE

$timeouts
$timeouts$implicit
[1] 0

$timeouts$pageLoad
[1] 300000

$timeouts$script
[1] 30000


$unhandledPromptBehavior
[1] "dismiss and notify"

$`webauthn:virtualAuthenticators`
[1] TRUE

$webdriver.remote.sessionid
[1] "e003bac546ccb1995f4ecad47f5a044a"

$id
[1] "e003bac546ccb1995f4ecad47f5a044a"

data frame with 0 columns and 0 rows
data frame with 0 columns and 0 rows
[1] TRUE
[[1]]
NULL

[[2]]
NULL

Loading required package: dplyr

Attaching package: ‘dplyr’

The following objects are masked from ‘package:stats’:

    filter, lag

The following objects are masked from ‘package:base’:

    intersect, setdiff, setequal, union

Loading required package: stringr
Loading required package: rvest
Loading required package: xml2
Loading required package: RSelenium
Loading required package: pbapply
Loading required package: httr
Loading required package: tidyr
Loading required package: DBI
Loading required package: RMySQL
Loading required package: gtools
    dplyr   stringr     rvest RSelenium   pbapply      httr     tidyr       DBI 
     TRUE      TRUE      TRUE      TRUE      TRUE      TRUE      TRUE      TRUE 
   RMySQL    gtools 
     TRUE      TRUE 
[1] "Connecting to remote server"
$acceptInsecureCerts
[1] FALSE

$browserName
[1] "chrome"

$browserVersion
[1] "81.0.4044.138"

$chrome
$chrome$chromedriverVersion
[1] "81.0.4044.138 (8c6c7ba89cc9453625af54f11fd83179e23450fa-refs/branch-heads/4044@{#999})"

$chrome$userDataDir
[1] "/tmp/.com.google.Chrome.m0sKdh"


$`goog:chromeOptions`
$`goog:chromeOptions`$debuggerAddress
[1] "localhost:44704"


$networkConnectionEnabled
[1] FALSE

$pageLoadStrategy
[1] "normal"

$platformName
[1] "linux"

$proxy
named list()

$setWindowRect
[1] TRUE

$strictFileInteractability
[1] FALSE

$timeouts
$timeouts$implicit
[1] 0

$timeouts$pageLoad
[1] 300000

$timeouts$script
[1] 30000


$unhandledPromptBehavior
[1] "dismiss and notify"

$`webauthn:virtualAuthenticators`
[1] TRUE

$webdriver.remote.sessionid
[1] "4aa9ca29806fbcb525010e44e957a567"

$id
[1] "4aa9ca29806fbcb525010e44e957a567"

data frame with 0 columns and 0 rows
data frame with 0 columns and 0 rows
[1] TRUE
[[1]]
NULL

[[2]]
NULL

