Loading required package: dplyr

Attaching package: ‘dplyr’

The following objects are masked from ‘package:stats’:

    filter, lag

The following objects are masked from ‘package:base’:

    intersect, setdiff, setequal, union

Loading required package: stringr
Loading required package: rvest
Loading required package: xml2
Loading required package: httr
Loading required package: tidyr
Loading required package: DBI
Loading required package: RSelenium
    dplyr   stringr     rvest      httr     tidyr       DBI RSelenium 
     TRUE      TRUE      TRUE      TRUE      TRUE      TRUE      TRUE 
 [1] NA 12 11 12 11 12 11 13 11 13
Warning message:
In function_list[[i]](value) : NAs introduced by coercion
[1] "Connecting to remote server"
$acceptInsecureCerts
[1] FALSE

$browserName
[1] "chrome"

$browserVersion
[1] "81.0.4044.138"

$chrome
$chrome$chromedriverVersion
[1] "81.0.4044.138 (8c6c7ba89cc9453625af54f11fd83179e23450fa-refs/branch-heads/4044@{#999})"

$chrome$userDataDir
[1] "/tmp/.com.google.Chrome.hRQmJF"


$`goog:chromeOptions`
$`goog:chromeOptions`$debuggerAddress
[1] "localhost:46747"


$networkConnectionEnabled
[1] FALSE

$pageLoadStrategy
[1] "normal"

$platformName
[1] "linux"

$proxy
named list()

$setWindowRect
[1] TRUE

$strictFileInteractability
[1] FALSE

$timeouts
$timeouts$implicit
[1] 0

$timeouts$pageLoad
[1] 300000

$timeouts$script
[1] 30000


$unhandledPromptBehavior
[1] "dismiss and notify"

$`webauthn:virtualAuthenticators`
[1] TRUE

$webdriver.remote.sessionid
[1] "10b32c6c1ebdc4cb3dfeda7734a1a719"

$id
[1] "10b32c6c1ebdc4cb3dfeda7734a1a719"

Error in MySQL() : could not find function "MySQL"
Calls: dbConnect
Execution halted
Loading required package: dplyr

Attaching package: ‘dplyr’

The following objects are masked from ‘package:stats’:

    filter, lag

The following objects are masked from ‘package:base’:

    intersect, setdiff, setequal, union

Loading required package: stringr
Loading required package: rvest
Loading required package: xml2
Loading required package: httr
Loading required package: tidyr
Loading required package: DBI
Loading required package: RSelenium
    dplyr   stringr     rvest      httr     tidyr       DBI RSelenium 
     TRUE      TRUE      TRUE      TRUE      TRUE      TRUE      TRUE 
 [1] NA 12 11 12 11 12 11 13 11 13
Warning message:
In function_list[[i]](value) : NAs introduced by coercion
[1] "Connecting to remote server"
$acceptInsecureCerts
[1] FALSE

$browserName
[1] "chrome"

$browserVersion
[1] "81.0.4044.138"

$chrome
$chrome$chromedriverVersion
[1] "81.0.4044.138 (8c6c7ba89cc9453625af54f11fd83179e23450fa-refs/branch-heads/4044@{#999})"

$chrome$userDataDir
[1] "/tmp/.com.google.Chrome.Begs17"


$`goog:chromeOptions`
$`goog:chromeOptions`$debuggerAddress
[1] "localhost:37430"


$networkConnectionEnabled
[1] FALSE

$pageLoadStrategy
[1] "normal"

$platformName
[1] "linux"

$proxy
named list()

$setWindowRect
[1] TRUE

$strictFileInteractability
[1] FALSE

$timeouts
$timeouts$implicit
[1] 0

$timeouts$pageLoad
[1] 300000

$timeouts$script
[1] 30000


$unhandledPromptBehavior
[1] "dismiss and notify"

$`webauthn:virtualAuthenticators`
[1] TRUE

$webdriver.remote.sessionid
[1] "fab386f1df4dd7f2788942c9a68b925b"

$id
[1] "fab386f1df4dd7f2788942c9a68b925b"

Error in MySQL() : could not find function "MySQL"
Calls: dbConnect
Execution halted
Loading required package: dplyr

Attaching package: ‘dplyr’

The following objects are masked from ‘package:stats’:

    filter, lag

The following objects are masked from ‘package:base’:

    intersect, setdiff, setequal, union

Loading required package: stringr
Loading required package: rvest
Loading required package: xml2
Loading required package: httr
Loading required package: tidyr
Loading required package: DBI
Loading required package: RSelenium
    dplyr   stringr     rvest      httr     tidyr       DBI RSelenium 
     TRUE      TRUE      TRUE      TRUE      TRUE      TRUE      TRUE 
 [1] NA 12 11 12 11 12 11 13 11 13
Warning message:
In function_list[[i]](value) : NAs introduced by coercion
[1] "Connecting to remote server"
$acceptInsecureCerts
[1] FALSE

$browserName
[1] "chrome"

$browserVersion
[1] "81.0.4044.138"

$chrome
$chrome$chromedriverVersion
[1] "81.0.4044.138 (8c6c7ba89cc9453625af54f11fd83179e23450fa-refs/branch-heads/4044@{#999})"

$chrome$userDataDir
[1] "/tmp/.com.google.Chrome.S0orwq"


$`goog:chromeOptions`
$`goog:chromeOptions`$debuggerAddress
[1] "localhost:35667"


$networkConnectionEnabled
[1] FALSE

$pageLoadStrategy
[1] "normal"

$platformName
[1] "linux"

$proxy
named list()

$setWindowRect
[1] TRUE

$strictFileInteractability
[1] FALSE

$timeouts
$timeouts$implicit
[1] 0

$timeouts$pageLoad
[1] 300000

$timeouts$script
[1] 30000


$unhandledPromptBehavior
[1] "dismiss and notify"

$`webauthn:virtualAuthenticators`
[1] TRUE

$webdriver.remote.sessionid
[1] "0e58b03acb0e067478728e5692b690f6"

$id
[1] "0e58b03acb0e067478728e5692b690f6"

Error in MySQL() : could not find function "MySQL"
Calls: dbConnect
Execution halted
Loading required package: dplyr

Attaching package: ‘dplyr’

The following objects are masked from ‘package:stats’:

    filter, lag

The following objects are masked from ‘package:base’:

    intersect, setdiff, setequal, union

Loading required package: stringr
Loading required package: rvest
Loading required package: xml2
Loading required package: httr
Loading required package: tidyr
Loading required package: DBI
Loading required package: RSelenium
    dplyr   stringr     rvest      httr     tidyr       DBI RSelenium 
     TRUE      TRUE      TRUE      TRUE      TRUE      TRUE      TRUE 
 [1] NA 12 11 12 11 12 11 13 11 13
Warning message:
In function_list[[i]](value) : NAs introduced by coercion
[1] "Connecting to remote server"
$acceptInsecureCerts
[1] FALSE

$browserName
[1] "chrome"

$browserVersion
[1] "81.0.4044.138"

$chrome
$chrome$chromedriverVersion
[1] "81.0.4044.138 (8c6c7ba89cc9453625af54f11fd83179e23450fa-refs/branch-heads/4044@{#999})"

$chrome$userDataDir
[1] "/tmp/.com.google.Chrome.UybQJj"


$`goog:chromeOptions`
$`goog:chromeOptions`$debuggerAddress
[1] "localhost:38498"


$networkConnectionEnabled
[1] FALSE

$pageLoadStrategy
[1] "normal"

$platformName
[1] "linux"

$proxy
named list()

$setWindowRect
[1] TRUE

$strictFileInteractability
[1] FALSE

$timeouts
$timeouts$implicit
[1] 0

$timeouts$pageLoad
[1] 300000

$timeouts$script
[1] 30000


$unhandledPromptBehavior
[1] "dismiss and notify"

$`webauthn:virtualAuthenticators`
[1] TRUE

$webdriver.remote.sessionid
[1] "fdfd2fa733c9eaa7aab87f51237f8eae"

$id
[1] "fdfd2fa733c9eaa7aab87f51237f8eae"

Error in MySQL() : could not find function "MySQL"
Calls: dbConnect
Execution halted
Loading required package: dplyr

Attaching package: ‘dplyr’

The following objects are masked from ‘package:stats’:

    filter, lag

The following objects are masked from ‘package:base’:

    intersect, setdiff, setequal, union

Loading required package: stringr
Loading required package: rvest
Loading required package: xml2
Loading required package: httr
Loading required package: tidyr
Loading required package: DBI
Loading required package: RSelenium
    dplyr   stringr     rvest      httr     tidyr       DBI RSelenium 
     TRUE      TRUE      TRUE      TRUE      TRUE      TRUE      TRUE 
 [1] NA 12 11 12 11 12 11 13 11 13
Warning message:
In function_list[[i]](value) : NAs introduced by coercion
[1] "Connecting to remote server"
$acceptInsecureCerts
[1] FALSE

$browserName
[1] "chrome"

$browserVersion
[1] "81.0.4044.138"

$chrome
$chrome$chromedriverVersion
[1] "81.0.4044.138 (8c6c7ba89cc9453625af54f11fd83179e23450fa-refs/branch-heads/4044@{#999})"

$chrome$userDataDir
[1] "/tmp/.com.google.Chrome.GYx3ZN"


$`goog:chromeOptions`
$`goog:chromeOptions`$debuggerAddress
[1] "localhost:41908"


$networkConnectionEnabled
[1] FALSE

$pageLoadStrategy
[1] "normal"

$platformName
[1] "linux"

$proxy
named list()

$setWindowRect
[1] TRUE

$strictFileInteractability
[1] FALSE

$timeouts
$timeouts$implicit
[1] 0

$timeouts$pageLoad
[1] 300000

$timeouts$script
[1] 30000


$unhandledPromptBehavior
[1] "dismiss and notify"

$`webauthn:virtualAuthenticators`
[1] TRUE

$webdriver.remote.sessionid
[1] "42fcfed7e14c1f836f58b8d0d938efb3"

$id
[1] "42fcfed7e14c1f836f58b8d0d938efb3"

Error in MySQL() : could not find function "MySQL"
Calls: dbConnect
Execution halted
