Loading required package: dplyr

Attaching package: ‘dplyr’

The following objects are masked from ‘package:stats’:

    filter, lag

The following objects are masked from ‘package:base’:

    intersect, setdiff, setequal, union

Loading required package: stringr
Loading required package: rvest
Loading required package: xml2
Loading required package: httr
Loading required package: tidyr
Loading required package: DBI
Loading required package: RMySQL
  dplyr stringr   rvest    httr   tidyr     DBI  RMySQL 
   TRUE    TRUE    TRUE    TRUE    TRUE    TRUE    TRUE 
Error in remoteDriver(port = 4444, browser = "chrome", extraCapabilities = eCaps) : 
  could not find function "remoteDriver"
Execution halted
Loading required package: dplyr

Attaching package: ‘dplyr’

The following objects are masked from ‘package:stats’:

    filter, lag

The following objects are masked from ‘package:base’:

    intersect, setdiff, setequal, union

Loading required package: stringr
Loading required package: rvest
Loading required package: xml2
Loading required package: httr
Loading required package: tidyr
Loading required package: DBI
Loading required package: RMySQL
  dplyr stringr   rvest    httr   tidyr     DBI  RMySQL 
   TRUE    TRUE    TRUE    TRUE    TRUE    TRUE    TRUE 
Error in remoteDriver(port = 4444, browser = "chrome", extraCapabilities = eCaps) : 
  could not find function "remoteDriver"
Execution halted
Loading required package: dplyr

Attaching package: ‘dplyr’

The following objects are masked from ‘package:stats’:

    filter, lag

The following objects are masked from ‘package:base’:

    intersect, setdiff, setequal, union

Loading required package: stringr
Loading required package: rvest
Loading required package: xml2
Loading required package: httr
Loading required package: tidyr
Loading required package: DBI
Loading required package: RMySQL
  dplyr stringr   rvest    httr   tidyr     DBI  RMySQL 
   TRUE    TRUE    TRUE    TRUE    TRUE    TRUE    TRUE 
Error in remoteDriver(port = 4444, browser = "chrome", extraCapabilities = eCaps) : 
  could not find function "remoteDriver"
Execution halted
Loading required package: dplyr

Attaching package: ‘dplyr’

The following objects are masked from ‘package:stats’:

    filter, lag

The following objects are masked from ‘package:base’:

    intersect, setdiff, setequal, union

Loading required package: stringr
Loading required package: rvest
Loading required package: xml2
Loading required package: httr
Loading required package: tidyr
Loading required package: DBI
Loading required package: RMySQL
  dplyr stringr   rvest    httr   tidyr     DBI  RMySQL 
   TRUE    TRUE    TRUE    TRUE    TRUE    TRUE    TRUE 
Error in remoteDriver(port = 4444, browser = "chrome", extraCapabilities = eCaps) : 
  could not find function "remoteDriver"
Execution halted
Loading required package: dplyr

Attaching package: ‘dplyr’

The following objects are masked from ‘package:stats’:

    filter, lag

The following objects are masked from ‘package:base’:

    intersect, setdiff, setequal, union

Loading required package: stringr
Loading required package: rvest
Loading required package: xml2
Loading required package: httr
Loading required package: tidyr
Loading required package: DBI
Loading required package: RMySQL
  dplyr stringr   rvest    httr   tidyr     DBI  RMySQL 
   TRUE    TRUE    TRUE    TRUE    TRUE    TRUE    TRUE 
Error in remoteDriver(port = 4444, browser = "chrome", extraCapabilities = eCaps) : 
  could not find function "remoteDriver"
Execution halted
