필요한 패키지를 로딩중입니다: dplyr

다음의 패키지를 부착합니다: ‘dplyr’

The following objects are masked from ‘package:stats’:

    filter, lag

The following objects are masked from ‘package:base’:

    intersect, setdiff, setequal, union

필요한 패키지를 로딩중입니다: stringr
필요한 패키지를 로딩중입니다: rvest
필요한 패키지를 로딩중입니다: xml2
필요한 패키지를 로딩중입니다: httr
필요한 패키지를 로딩중입니다: tidyr
필요한 패키지를 로딩중입니다: DBI
필요한 패키지를 로딩중입니다: RSelenium
    dplyr   stringr     rvest      httr     tidyr       DBI RSelenium 
     TRUE      TRUE      TRUE      TRUE      TRUE      TRUE      TRUE 
 [1]  6 11  6 11  6 12  6 12  6 11
[1] "Connecting to remote server"
$acceptInsecureCerts
[1] FALSE

$browserName
[1] "chrome"

$browserVersion
[1] "80.0.3987.87"

$chrome
$chrome$chromedriverVersion
[1] "80.0.3987.16 (320f6526c1632ad4f205ebce69b99a062ed78647-refs/branch-heads/3987@{#185})"

$chrome$userDataDir
[1] "/tmp/.com.google.Chrome.XPlUjE"


$`goog:chromeOptions`
$`goog:chromeOptions`$debuggerAddress
[1] "localhost:41633"


$networkConnectionEnabled
[1] FALSE

$pageLoadStrategy
[1] "normal"

$platformName
[1] "linux"

$proxy
named list()

$setWindowRect
[1] TRUE

$strictFileInteractability
[1] FALSE

$timeouts
$timeouts$implicit
[1] 0

$timeouts$pageLoad
[1] 300000

$timeouts$script
[1] 30000


$unhandledPromptBehavior
[1] "dismiss and notify"

$webdriver.remote.sessionid
[1] "d9c372ff14efdd4696e78208f507866e"

$id
[1] "d9c372ff14efdd4696e78208f507866e"

Error in MySQL() : 함수 "MySQL"를 찾을 수 없습니다
Calls: dbConnect
실행이 정지되었습니다
필요한 패키지를 로딩중입니다: dplyr

다음의 패키지를 부착합니다: ‘dplyr’

The following objects are masked from ‘package:stats’:

    filter, lag

The following objects are masked from ‘package:base’:

    intersect, setdiff, setequal, union

필요한 패키지를 로딩중입니다: stringr
필요한 패키지를 로딩중입니다: rvest
필요한 패키지를 로딩중입니다: xml2
필요한 패키지를 로딩중입니다: httr
필요한 패키지를 로딩중입니다: tidyr
필요한 패키지를 로딩중입니다: DBI
필요한 패키지를 로딩중입니다: RSelenium
    dplyr   stringr     rvest      httr     tidyr       DBI RSelenium 
     TRUE      TRUE      TRUE      TRUE      TRUE      TRUE      TRUE 
 [1] NA 11  6 11  6 11  6 12  6 12
경고메시지(들): 
In function_list[[i]](value) : 강제형변환에 의해 생성된 NA 입니다
[1] "Connecting to remote server"
Error in checkError(res) : 
  Undefined error in httr call. httr output: Failed to connect to localhost port 4444: 연결이 거부됨
Calls: <Anonymous> -> queryRD -> checkError
실행이 정지되었습니다
필요한 패키지를 로딩중입니다: dplyr

다음의 패키지를 부착합니다: ‘dplyr’

The following objects are masked from ‘package:stats’:

    filter, lag

The following objects are masked from ‘package:base’:

    intersect, setdiff, setequal, union

필요한 패키지를 로딩중입니다: stringr
필요한 패키지를 로딩중입니다: rvest
필요한 패키지를 로딩중입니다: xml2
필요한 패키지를 로딩중입니다: httr
필요한 패키지를 로딩중입니다: tidyr
필요한 패키지를 로딩중입니다: DBI
필요한 패키지를 로딩중입니다: RSelenium
    dplyr   stringr     rvest      httr     tidyr       DBI RSelenium 
     TRUE      TRUE      TRUE      TRUE      TRUE      TRUE      TRUE 
 [1] NA 11  6 11  6 11  6 12  6 12
경고메시지(들): 
In function_list[[i]](value) : 강제형변환에 의해 생성된 NA 입니다
[1] "Connecting to remote server"
Error in checkError(res) : 
  Undefined error in httr call. httr output: Failed to connect to localhost port 4444: 연결이 거부됨
Calls: <Anonymous> -> queryRD -> checkError
실행이 정지되었습니다
