[1] "------"
[1] "code start 2020-07-02 19:00:01"

Attaching package: ‘dplyr’

The following objects are masked from ‘package:stats’:

    filter, lag

The following objects are masked from ‘package:base’:

    intersect, setdiff, setequal, union

    dplyr   stringr     rvest RSelenium   pbapply      httr     tidyr       DBI 
     TRUE      TRUE      TRUE      TRUE      TRUE      TRUE      TRUE      TRUE 
   RMySQL    gtools 
     TRUE      TRUE 
data frame with 0 columns and 0 rows
data frame with 0 columns and 0 rows
[1] TRUE
[[1]]
NULL

[1] "code end 2020-07-02 19:00:28 ,time spent 0.44441 mins"
[1] "------"
[1] "code start 2020-07-05 21:00:01"

Attaching package: ‘dplyr’

The following objects are masked from ‘package:stats’:

    filter, lag

The following objects are masked from ‘package:base’:

    intersect, setdiff, setequal, union

    dplyr   stringr     rvest RSelenium   pbapply      httr     tidyr       DBI 
     TRUE      TRUE      TRUE      TRUE      TRUE      TRUE      TRUE      TRUE 
   RMySQL    gtools 
     TRUE      TRUE 
data frame with 0 columns and 0 rows
data frame with 0 columns and 0 rows
[1] TRUE
[[1]]
NULL

[[2]]
NULL

[[3]]
NULL

[1] "code end 2020-07-05 21:00:28 ,time spent 0.44675 mins"
