[1] "------"
[1] "code start 2020-07-02 18:00:01"

Attaching package: ‘dplyr’

The following objects are masked from ‘package:stats’:

    filter, lag

The following objects are masked from ‘package:base’:

    intersect, setdiff, setequal, union

    dplyr   stringr     rvest RSelenium   pbapply      httr     tidyr       DBI 
     TRUE      TRUE      TRUE      TRUE      TRUE      TRUE      TRUE      TRUE 
   RMySQL    gtools 
     TRUE      TRUE 
Error in ms(df_record$record) : could not find function "ms"
Calls: %>% -> eval -> eval
Execution halted
[1] "------"
[1] "code start 2020-07-05 20:00:01"

Attaching package: ‘dplyr’

The following objects are masked from ‘package:stats’:

    filter, lag

The following objects are masked from ‘package:base’:

    intersect, setdiff, setequal, union

    dplyr   stringr     rvest RSelenium   pbapply      httr     tidyr       DBI 
     TRUE      TRUE      TRUE      TRUE      TRUE      TRUE      TRUE      TRUE 
   RMySQL    gtools 
     TRUE      TRUE 
Error in ms(df_record$record) : could not find function "ms"
Calls: %>% -> eval -> eval
Execution halted
[1] "------"
[1] "code start 2020-07-09 18:00:01"

Attaching package: ‘dplyr’

The following objects are masked from ‘package:stats’:

    filter, lag

The following objects are masked from ‘package:base’:

    intersect, setdiff, setequal, union


Attaching package: ‘lubridate’

The following objects are masked from ‘package:dplyr’:

    intersect, setdiff, union

The following objects are masked from ‘package:base’:

    date, intersect, setdiff, union

    dplyr   stringr     rvest RSelenium   pbapply      httr     tidyr       DBI 
     TRUE      TRUE      TRUE      TRUE      TRUE      TRUE      TRUE      TRUE 
   RMySQL    gtools lubridate 
     TRUE      TRUE      TRUE 

Selenium message:No active session with ID 9166fa7a636775944ad74fd8dfc01784

Error: 	 Summary: NoSuchDriver
 	 Detail: A session is either terminated or not started
	 Further Details: run errorDetails method
Execution halted
[1] "------"
[1] "code start 2020-07-12 20:00:01"

Attaching package: ‘dplyr’

The following objects are masked from ‘package:stats’:

    filter, lag

The following objects are masked from ‘package:base’:

    intersect, setdiff, setequal, union


Attaching package: ‘lubridate’

The following objects are masked from ‘package:dplyr’:

    intersect, setdiff, union

The following objects are masked from ‘package:base’:

    date, intersect, setdiff, union

    dplyr   stringr     rvest RSelenium   pbapply      httr     tidyr       DBI 
     TRUE      TRUE      TRUE      TRUE      TRUE      TRUE      TRUE      TRUE 
   RMySQL    gtools lubridate 
     TRUE      TRUE      TRUE 

Selenium message:No active session with ID 81b2224e053b917bbfbc242d6d0a9990

Error: 	 Summary: NoSuchDriver
 	 Detail: A session is either terminated or not started
	 Further Details: run errorDetails method
Execution halted
[1] "------"
[1] "code start 2020-07-16 18:00:01"

Attaching package: ‘dplyr’

The following objects are masked from ‘package:stats’:

    filter, lag

The following objects are masked from ‘package:base’:

    intersect, setdiff, setequal, union


Attaching package: ‘lubridate’

The following objects are masked from ‘package:dplyr’:

    intersect, setdiff, union

The following objects are masked from ‘package:base’:

    date, intersect, setdiff, union

    dplyr   stringr     rvest RSelenium   pbapply      httr     tidyr       DBI 
     TRUE      TRUE      TRUE      TRUE      TRUE      TRUE      TRUE      TRUE 
   RMySQL    gtools lubridate 
     TRUE      TRUE      TRUE 

Selenium message:No active session with ID 201f6d209afd2a27826746ce2a13884e

Error: 	 Summary: NoSuchDriver
 	 Detail: A session is either terminated or not started
	 Further Details: run errorDetails method
Execution halted
