[1] "------"
[1] "code start 2020-07-01 18:00:02"

Attaching package: ‘dplyr’

The following objects are masked from ‘package:stats’:

    filter, lag

The following objects are masked from ‘package:base’:

    intersect, setdiff, setequal, union

    dplyr   stringr     rvest RSelenium   pbapply      httr     tidyr       DBI 
     TRUE      TRUE      TRUE      TRUE      TRUE      TRUE      TRUE      TRUE 
   RMySQL    gtools 
     TRUE      TRUE 
Error in ms(df_record$record) : could not find function "ms"
Calls: %>% -> eval -> eval
Execution halted
[1] "------"
[1] "code start 2020-07-05 20:30:01"

Attaching package: ‘dplyr’

The following objects are masked from ‘package:stats’:

    filter, lag

The following objects are masked from ‘package:base’:

    intersect, setdiff, setequal, union

    dplyr   stringr     rvest RSelenium   pbapply      httr     tidyr       DBI 
     TRUE      TRUE      TRUE      TRUE      TRUE      TRUE      TRUE      TRUE 
   RMySQL    gtools 
     TRUE      TRUE 
Error in ms(df_record$record) : could not find function "ms"
Calls: %>% -> eval -> eval
Execution halted
[1] "------"
[1] "code start 2020-07-08 18:00:01"

Attaching package: ‘dplyr’

The following objects are masked from ‘package:stats’:

    filter, lag

The following objects are masked from ‘package:base’:

    intersect, setdiff, setequal, union


Attaching package: ‘lubridate’

The following objects are masked from ‘package:dplyr’:

    intersect, setdiff, union

The following objects are masked from ‘package:base’:

    date, intersect, setdiff, union

    dplyr   stringr     rvest RSelenium   pbapply      httr     tidyr       DBI 
     TRUE      TRUE      TRUE      TRUE      TRUE      TRUE      TRUE      TRUE 
   RMySQL    gtools lubridate 
     TRUE      TRUE      TRUE 

Selenium message:no such element: Unable to locate element: {"method":"xpath","selector":"/html/body/div[1]/div[2]/form/div/div[2]/table/tbody/tr[429]/td[2]/a"}
  (Session info: headless chrome=81.0.4044.138)
For documentation on this error, please visit: https://www.seleniumhq.org/exceptions/no_such_element.html
Build info: version: '3.141.59', revision: 'e82be7d358', time: '2018-11-14T08:25:53'
System info: host: 'localhost', ip: '127.0.0.1', os.name: 'Linux', os.arch: 'amd64', os.version: '4.4.0-184-generic', java.version: '1.8.0_252'
Driver info: driver.version: unknown

Error: 	 Summary: NoSuchElement
 	 Detail: An element could not be located on the page using the given search parameters.
 	 class: org.openqa.selenium.NoSuchElementException
	 Further Details: run errorDetails method
Execution halted
[1] "------"
[1] "code start 2020-07-12 20:30:02"

Attaching package: ‘dplyr’

The following objects are masked from ‘package:stats’:

    filter, lag

The following objects are masked from ‘package:base’:

    intersect, setdiff, setequal, union


Attaching package: ‘lubridate’

The following objects are masked from ‘package:dplyr’:

    intersect, setdiff, union

The following objects are masked from ‘package:base’:

    date, intersect, setdiff, union

    dplyr   stringr     rvest RSelenium   pbapply      httr     tidyr       DBI 
     TRUE      TRUE      TRUE      TRUE      TRUE      TRUE      TRUE      TRUE 
   RMySQL    gtools lubridate 
     TRUE      TRUE      TRUE 

Selenium message:No active session with ID 074c21b23756edffbe0b1a8164f7fec3

Error: 	 Summary: NoSuchDriver
 	 Detail: A session is either terminated or not started
	 Further Details: run errorDetails method
Execution halted
[1] "------"
[1] "code start 2020-07-15 18:00:01"

Attaching package: ‘dplyr’

The following objects are masked from ‘package:stats’:

    filter, lag

The following objects are masked from ‘package:base’:

    intersect, setdiff, setequal, union


Attaching package: ‘lubridate’

The following objects are masked from ‘package:dplyr’:

    intersect, setdiff, union

The following objects are masked from ‘package:base’:

    date, intersect, setdiff, union

    dplyr   stringr     rvest RSelenium   pbapply      httr     tidyr       DBI 
     TRUE      TRUE      TRUE      TRUE      TRUE      TRUE      TRUE      TRUE 
   RMySQL    gtools lubridate 
     TRUE      TRUE      TRUE 

Selenium message:No active session with ID 4c3319642ba0ad9160492fe4d322f4a9

Error: 	 Summary: NoSuchDriver
 	 Detail: A session is either terminated or not started
	 Further Details: run errorDetails method
Execution halted
[1] "------"
[1] "code start 2020-07-19 20:30:01"

Attaching package: ‘dplyr’

The following objects are masked from ‘package:stats’:

    filter, lag

The following objects are masked from ‘package:base’:

    intersect, setdiff, setequal, union


Attaching package: ‘lubridate’

The following objects are masked from ‘package:dplyr’:

    intersect, setdiff, union

The following objects are masked from ‘package:base’:

    date, intersect, setdiff, union

    dplyr   stringr     rvest RSelenium   pbapply      httr     tidyr       DBI 
     TRUE      TRUE      TRUE      TRUE      TRUE      TRUE      TRUE      TRUE 
   RMySQL    gtools lubridate 
     TRUE      TRUE      TRUE 

Selenium message:No active session with ID bbcc194da4fabe4285738e6e20421cd9

Error: 	 Summary: NoSuchDriver
 	 Detail: A session is either terminated or not started
	 Further Details: run errorDetails method
Execution halted
[1] "------"
[1] "code start 2020-07-22 18:00:02"

Attaching package: ‘dplyr’

The following objects are masked from ‘package:stats’:

    filter, lag

The following objects are masked from ‘package:base’:

    intersect, setdiff, setequal, union


Attaching package: ‘lubridate’

The following objects are masked from ‘package:dplyr’:

    intersect, setdiff, union

The following objects are masked from ‘package:base’:

    date, intersect, setdiff, union

    dplyr   stringr     rvest RSelenium   pbapply      httr     tidyr       DBI 
     TRUE      TRUE      TRUE      TRUE      TRUE      TRUE      TRUE      TRUE 
   RMySQL    gtools lubridate 
     TRUE      TRUE      TRUE 

Selenium message:No active session with ID f639686ca329cdb12ea72cc04961d7d3

Error: 	 Summary: NoSuchDriver
 	 Detail: A session is either terminated or not started
	 Further Details: run errorDetails method
Execution halted
[1] "------"
[1] "code start 2020-07-26 20:30:01"

Attaching package: ‘dplyr’

The following objects are masked from ‘package:stats’:

    filter, lag

The following objects are masked from ‘package:base’:

    intersect, setdiff, setequal, union


Attaching package: ‘lubridate’

The following objects are masked from ‘package:dplyr’:

    intersect, setdiff, union

The following objects are masked from ‘package:base’:

    date, intersect, setdiff, union

    dplyr   stringr     rvest RSelenium   pbapply      httr     tidyr       DBI 
     TRUE      TRUE      TRUE      TRUE      TRUE      TRUE      TRUE      TRUE 
   RMySQL    gtools lubridate 
     TRUE      TRUE      TRUE 

Selenium message:invalid session id
Build info: version: '3.141.59', revision: 'e82be7d358', time: '2018-11-14T08:25:53'
System info: host: 'localhost', ip: '127.0.0.1', os.name: 'Linux', os.arch: 'amd64', os.version: '4.4.0-184-generic', java.version: '1.8.0_252'
Driver info: driver.version: unknown

Error: 	 Summary: NoSuchDriver
 	 Detail: A session is either terminated or not started
 	 class: org.openqa.selenium.NoSuchSessionException
	 Further Details: run errorDetails method
Execution halted
[1] "------"
[1] "code start 2020-07-29 18:00:02"

Attaching package: ‘dplyr’

The following objects are masked from ‘package:stats’:

    filter, lag

The following objects are masked from ‘package:base’:

    intersect, setdiff, setequal, union


Attaching package: ‘lubridate’

The following objects are masked from ‘package:dplyr’:

    intersect, setdiff, union

The following objects are masked from ‘package:base’:

    date, intersect, setdiff, union

    dplyr   stringr     rvest RSelenium   pbapply      httr     tidyr       DBI 
     TRUE      TRUE      TRUE      TRUE      TRUE      TRUE      TRUE      TRUE 
   RMySQL    gtools lubridate 
     TRUE      TRUE      TRUE 

Selenium message:No active session with ID 81f8db32a5c349003567ddf0845526b9

Error: 	 Summary: NoSuchDriver
 	 Detail: A session is either terminated or not started
	 Further Details: run errorDetails method
Execution halted
[1] "------"
[1] "code start 2020-08-02 20:30:01"

Attaching package: ‘dplyr’

The following objects are masked from ‘package:stats’:

    filter, lag

The following objects are masked from ‘package:base’:

    intersect, setdiff, setequal, union


Attaching package: ‘lubridate’

The following objects are masked from ‘package:dplyr’:

    intersect, setdiff, union

The following objects are masked from ‘package:base’:

    date, intersect, setdiff, union

    dplyr   stringr     rvest RSelenium   pbapply      httr     tidyr       DBI 
     TRUE      TRUE      TRUE      TRUE      TRUE      TRUE      TRUE      TRUE 
   RMySQL    gtools lubridate 
     TRUE      TRUE      TRUE 

Selenium message:No active session with ID 43deefe7dde5902942a922e1df9d14c7

Error: 	 Summary: NoSuchDriver
 	 Detail: A session is either terminated or not started
	 Further Details: run errorDetails method
Execution halted
[1] "------"
[1] "code start 2020-08-05 18:00:01"

Attaching package: ‘dplyr’

The following objects are masked from ‘package:stats’:

    filter, lag

The following objects are masked from ‘package:base’:

    intersect, setdiff, setequal, union


Attaching package: ‘lubridate’

The following objects are masked from ‘package:dplyr’:

    intersect, setdiff, union

The following objects are masked from ‘package:base’:

    date, intersect, setdiff, union

    dplyr   stringr     rvest RSelenium   pbapply      httr     tidyr       DBI 
     TRUE      TRUE      TRUE      TRUE      TRUE      TRUE      TRUE      TRUE 
   RMySQL    gtools lubridate 
     TRUE      TRUE      TRUE 

Selenium message:no such element: Unable to locate element: {"method":"xpath","selector":"/html/body/div[1]/div[2]/form/div/div[2]/table/tbody/tr[211]/td[2]/a"}
  (Session info: headless chrome=81.0.4044.138)
For documentation on this error, please visit: https://www.seleniumhq.org/exceptions/no_such_element.html
Build info: version: '3.141.59', revision: 'e82be7d358', time: '2018-11-14T08:25:53'
System info: host: 'localhost', ip: '127.0.0.1', os.name: 'Linux', os.arch: 'amd64', os.version: '4.4.0-184-generic', java.version: '1.8.0_252'
Driver info: driver.version: unknown

Error: 	 Summary: NoSuchElement
 	 Detail: An element could not be located on the page using the given search parameters.
 	 class: org.openqa.selenium.NoSuchElementException
	 Further Details: run errorDetails method
Execution halted
[1] "------"
[1] "code start 2020-08-09 20:30:02"

Attaching package: ‘dplyr’

The following objects are masked from ‘package:stats’:

    filter, lag

The following objects are masked from ‘package:base’:

    intersect, setdiff, setequal, union


Attaching package: ‘lubridate’

The following objects are masked from ‘package:dplyr’:

    intersect, setdiff, union

The following objects are masked from ‘package:base’:

    date, intersect, setdiff, union

    dplyr   stringr     rvest RSelenium   pbapply      httr     tidyr       DBI 
     TRUE      TRUE      TRUE      TRUE      TRUE      TRUE      TRUE      TRUE 
   RMySQL    gtools lubridate 
     TRUE      TRUE      TRUE 

Selenium message:invalid session id
Build info: version: '3.141.59', revision: 'e82be7d358', time: '2018-11-14T08:25:53'
System info: host: 'localhost', ip: '127.0.0.1', os.name: 'Linux', os.arch: 'amd64', os.version: '4.4.0-184-generic', java.version: '1.8.0_252'
Driver info: driver.version: unknown

Error: 	 Summary: NoSuchDriver
 	 Detail: A session is either terminated or not started
 	 class: org.openqa.selenium.NoSuchSessionException
	 Further Details: run errorDetails method
Execution halted
