[1] "------"
[1] "code start 2020-07-02 19:30:01"

Attaching package: ‘dplyr’

The following objects are masked from ‘package:stats’:

    filter, lag

The following objects are masked from ‘package:base’:

    intersect, setdiff, setequal, union

    dplyr   stringr     rvest RSelenium   pbapply      httr     tidyr       DBI 
     TRUE      TRUE      TRUE      TRUE      TRUE      TRUE      TRUE      TRUE 
   RMySQL    gtools 
     TRUE      TRUE 
data frame with 0 columns and 0 rows
data frame with 0 columns and 0 rows
[1] TRUE
[[1]]
NULL

[1] "code end 2020-07-02 19:30:34 ,time spent 0.55369 mins"
[1] "------"
[1] "code start 2020-07-09 19:30:01"

Attaching package: ‘dplyr’

The following objects are masked from ‘package:stats’:

    filter, lag

The following objects are masked from ‘package:base’:

    intersect, setdiff, setequal, union

    dplyr   stringr     rvest RSelenium   pbapply      httr     tidyr       DBI 
     TRUE      TRUE      TRUE      TRUE      TRUE      TRUE      TRUE      TRUE 
   RMySQL    gtools 
     TRUE      TRUE 
data frame with 0 columns and 0 rows
data frame with 0 columns and 0 rows
[1] TRUE
[[1]]
NULL

[1] "code end 2020-07-09 19:30:33 ,time spent 0.5402 mins"
[1] "------"
[1] "code start 2020-07-16 19:30:01"

Attaching package: ‘dplyr’

The following objects are masked from ‘package:stats’:

    filter, lag

The following objects are masked from ‘package:base’:

    intersect, setdiff, setequal, union

    dplyr   stringr     rvest RSelenium   pbapply      httr     tidyr       DBI 
     TRUE      TRUE      TRUE      TRUE      TRUE      TRUE      TRUE      TRUE 
   RMySQL    gtools 
     TRUE      TRUE 
data frame with 0 columns and 0 rows
data frame with 0 columns and 0 rows
[1] TRUE
[[1]]
NULL

[1] "code end 2020-07-16 19:30:34 ,time spent 0.55286 mins"
