[1] "------"
[1] "code start 2020-07-01 20:00:02"

Attaching package: ‘dplyr’

The following objects are masked from ‘package:stats’:

    filter, lag

The following objects are masked from ‘package:base’:

    intersect, setdiff, setequal, union

  dplyr stringr   rvest    httr   tidyr     DBI  RMySQL 
   TRUE    TRUE    TRUE    TRUE    TRUE    TRUE    TRUE 
Error in remoteDriver(port = 4444, browser = "chrome", extraCapabilities = eCaps) : 
  could not find function "remoteDriver"
Execution halted
[1] "------"
[1] "code start 2020-07-08 20:00:01"

Attaching package: ‘dplyr’

The following objects are masked from ‘package:stats’:

    filter, lag

The following objects are masked from ‘package:base’:

    intersect, setdiff, setequal, union

  dplyr stringr   rvest    httr   tidyr     DBI  RMySQL 
   TRUE    TRUE    TRUE    TRUE    TRUE    TRUE    TRUE 
Error in remoteDriver(port = 4444, browser = "chrome", extraCapabilities = eCaps) : 
  could not find function "remoteDriver"
Execution halted
[1] "------"
[1] "code start 2020-07-15 20:00:01"

Attaching package: ‘dplyr’

The following objects are masked from ‘package:stats’:

    filter, lag

The following objects are masked from ‘package:base’:

    intersect, setdiff, setequal, union

  dplyr stringr   rvest    httr   tidyr     DBI  RMySQL 
   TRUE    TRUE    TRUE    TRUE    TRUE    TRUE    TRUE 
Error in remoteDriver(port = 4444, browser = "chrome", extraCapabilities = eCaps) : 
  could not find function "remoteDriver"
Execution halted
[1] "------"
[1] "code start 2020-07-22 20:00:02"

Attaching package: ‘dplyr’

The following objects are masked from ‘package:stats’:

    filter, lag

The following objects are masked from ‘package:base’:

    intersect, setdiff, setequal, union

    dplyr   stringr     rvest RSelenium      httr     tidyr       DBI    RMySQL 
     TRUE      TRUE      TRUE      TRUE      TRUE      TRUE      TRUE      TRUE 
Error in ms(x) : could not find function "ms"
Calls: sapply ... lapply -> FUN -> lapply -> FUN -> %>% -> eval -> eval
Execution halted
[1] "------"
[1] "code start 2020-07-29 20:00:02"

Attaching package: ‘dplyr’

The following objects are masked from ‘package:stats’:

    filter, lag

The following objects are masked from ‘package:base’:

    intersect, setdiff, setequal, union


Attaching package: ‘lubridate’

The following objects are masked from ‘package:dplyr’:

    intersect, setdiff, union

The following objects are masked from ‘package:base’:

    date, intersect, setdiff, union

    dplyr   stringr     rvest RSelenium lubridate      httr     tidyr       DBI 
     TRUE      TRUE      TRUE      TRUE      TRUE      TRUE      TRUE      TRUE 
   RMySQL 
     TRUE 
Error in na.replace(v, 0) : could not find function "na.replace"
Calls: sapply ... FUN -> sapply -> lapply -> FUN -> sapply -> lapply -> FUN
Execution halted
[1] "------"
[1] "code start 2020-08-05 20:00:02"

Attaching package: ‘dplyr’

The following objects are masked from ‘package:stats’:

    filter, lag

The following objects are masked from ‘package:base’:

    intersect, setdiff, setequal, union


Attaching package: ‘lubridate’

The following objects are masked from ‘package:dplyr’:

    intersect, setdiff, union

The following objects are masked from ‘package:base’:

    date, intersect, setdiff, union

    dplyr   stringr     rvest RSelenium lubridate      httr     tidyr       DBI 
     TRUE      TRUE      TRUE      TRUE      TRUE      TRUE      TRUE      TRUE 
   RMySQL 
     TRUE 
Error in na.replace(v, 0) : could not find function "na.replace"
Calls: sapply ... FUN -> sapply -> lapply -> FUN -> sapply -> lapply -> FUN
Execution halted
