[1] "------"
[1] "code start 2020-07-02 20:00:02"

Attaching package: ‘dplyr’

The following objects are masked from ‘package:stats’:

    filter, lag

The following objects are masked from ‘package:base’:

    intersect, setdiff, setequal, union

  dplyr stringr   rvest    httr   tidyr     DBI  RMySQL 
   TRUE    TRUE    TRUE    TRUE    TRUE    TRUE    TRUE 
Error in remoteDriver(port = 4444, browser = "chrome", extraCapabilities = eCaps) : 
  could not find function "remoteDriver"
Execution halted
[1] "------"
[1] "code start 2020-07-09 20:00:02"

Attaching package: ‘dplyr’

The following objects are masked from ‘package:stats’:

    filter, lag

The following objects are masked from ‘package:base’:

    intersect, setdiff, setequal, union

  dplyr stringr   rvest    httr   tidyr     DBI  RMySQL 
   TRUE    TRUE    TRUE    TRUE    TRUE    TRUE    TRUE 
Error in remoteDriver(port = 4444, browser = "chrome", extraCapabilities = eCaps) : 
  could not find function "remoteDriver"
Execution halted
[1] "------"
[1] "code start 2020-07-16 20:00:01"

Attaching package: ‘dplyr’

The following objects are masked from ‘package:stats’:

    filter, lag

The following objects are masked from ‘package:base’:

    intersect, setdiff, setequal, union

  dplyr stringr   rvest    httr   tidyr     DBI  RMySQL 
   TRUE    TRUE    TRUE    TRUE    TRUE    TRUE    TRUE 
Error in remoteDriver(port = 4444, browser = "chrome", extraCapabilities = eCaps) : 
  could not find function "remoteDriver"
Execution halted
